Vivado Simulator 2020.2
Copyright 1986-1999, 2001-2020 Xilinx, Inc. All Rights Reserved.
Running: C:/xilinx/Vivado/2020.2/bin/unwrapped/win64.o/xelab.exe -wto b5d184ea71494daea2e37c61ea9f0bcd --incr --debug typical --relax --mt 2 -L xil_defaultlib -L secureip --snapshot project_tb_behav xil_defaultlib.project_tb -log elaborate.log 
Using 2 slave threads.
Starting static elaboration
WARNING: [VRFC 10-4940] 'stadio1datapath' remains a black box since it has no binding entity [C:/Repos/Progetto-Reti-Logiche-Maggioni-Fasanella/project_reti_logiche/project_reti_logiche.srcs/sources_1/new/project_reti_logiche.vhd:157]
WARNING: [VRFC 10-4940] 'stadio2datapath' remains a black box since it has no binding entity [C:/Repos/Progetto-Reti-Logiche-Maggioni-Fasanella/project_reti_logiche/project_reti_logiche.srcs/sources_1/new/project_reti_logiche.vhd:169]
Completed static elaboration
Starting simulation data flow analysis
Completed simulation data flow analysis
Time Resolution for simulation is 1ps
Compiling package std.standard
Compiling package std.textio
Compiling package ieee.std_logic_1164
Compiling package ieee.numeric_std
Compiling package ieee.std_logic_arith
Compiling package ieee.std_logic_unsigned
Compiling architecture behavioral of entity xil_defaultlib.project_reti_logiche [project_reti_logiche_default]
Compiling architecture projecttb of entity xil_defaultlib.project_tb
Built simulation snapshot project_tb_behav
