
*** Running vivado
    with args -log project_reti_logiche.vds -m64 -product Vivado -mode batch -messageDb vivado.pb -notrace -source project_reti_logiche.tcl



****** Vivado v2020.2 (64-bit)
  **** SW Build 3064766 on Wed Nov 18 09:12:45 MST 2020
  **** IP Build 3064653 on Wed Nov 18 14:17:31 MST 2020
    ** Copyright 1986-2020 Xilinx, Inc. All Rights Reserved.

source project_reti_logiche.tcl -notrace
Command: synth_design -top project_reti_logiche -part xc7a200tfbg484-1
Starting synth_design
Attempting to get a license for feature 'Synthesis' and/or device 'xc7a200t'
INFO: [Common 17-349] Got license for feature 'Synthesis' and/or device 'xc7a200t'
INFO: [Device 21-403] Loading part xc7a200tfbg484-1
INFO: [Synth 8-7079] Multithreading enabled for synth_design using a maximum of 2 processes.
INFO: [Synth 8-7078] Launching helper process for spawning children vivado processes
INFO: [Synth 8-7075] Helper process launched with PID 13720
---------------------------------------------------------------------------------
Starting RTL Elaboration : Time (s): cpu = 00:00:06 ; elapsed = 00:00:06 . Memory (MB): peak = 1018.305 ; gain = 0.000
---------------------------------------------------------------------------------
INFO: [Synth 8-638] synthesizing module 'project_reti_logiche' [C:/Repos/Progetto-Reti-Logiche-Maggioni-Fasanella/project_reti_logiche/project_reti_logiche.srcs/sources_1/new/project_reti_logiche.vhd:57]
WARNING: [Synth 8-614] signal 'f' is read in the process but is not in the sensitivity list [C:/Repos/Progetto-Reti-Logiche-Maggioni-Fasanella/project_reti_logiche/project_reti_logiche.srcs/sources_1/new/project_reti_logiche.vhd:219]
WARNING: [Synth 8-614] signal 'f1' is read in the process but is not in the sensitivity list [C:/Repos/Progetto-Reti-Logiche-Maggioni-Fasanella/project_reti_logiche/project_reti_logiche.srcs/sources_1/new/project_reti_logiche.vhd:219]
WARNING: [Synth 8-614] signal 'MINPixel' is read in the process but is not in the sensitivity list [C:/Repos/Progetto-Reti-Logiche-Maggioni-Fasanella/project_reti_logiche/project_reti_logiche.srcs/sources_1/new/project_reti_logiche.vhd:260]
WARNING: [Synth 8-614] signal 'REGAddr' is read in the process but is not in the sensitivity list [C:/Repos/Progetto-Reti-Logiche-Maggioni-Fasanella/project_reti_logiche/project_reti_logiche.srcs/sources_1/new/project_reti_logiche.vhd:260]
WARNING: [Synth 8-614] signal 'i_data' is read in the process but is not in the sensitivity list [C:/Repos/Progetto-Reti-Logiche-Maggioni-Fasanella/project_reti_logiche/project_reti_logiche.srcs/sources_1/new/project_reti_logiche.vhd:260]
WARNING: [Synth 8-614] signal 'Sum' is read in the process but is not in the sensitivity list [C:/Repos/Progetto-Reti-Logiche-Maggioni-Fasanella/project_reti_logiche/project_reti_logiche.srcs/sources_1/new/project_reti_logiche.vhd:260]
WARNING: [Synth 8-614] signal 'f' is read in the process but is not in the sensitivity list [C:/Repos/Progetto-Reti-Logiche-Maggioni-Fasanella/project_reti_logiche/project_reti_logiche.srcs/sources_1/new/project_reti_logiche.vhd:260]
WARNING: [Synth 8-614] signal 'OP1' is read in the process but is not in the sensitivity list [C:/Repos/Progetto-Reti-Logiche-Maggioni-Fasanella/project_reti_logiche/project_reti_logiche.srcs/sources_1/new/project_reti_logiche.vhd:260]
WARNING: [Synth 8-614] signal 'OP2' is read in the process but is not in the sensitivity list [C:/Repos/Progetto-Reti-Logiche-Maggioni-Fasanella/project_reti_logiche/project_reti_logiche.srcs/sources_1/new/project_reti_logiche.vhd:260]
WARNING: [Synth 8-614] signal 'M' is read in the process but is not in the sensitivity list [C:/Repos/Progetto-Reti-Logiche-Maggioni-Fasanella/project_reti_logiche/project_reti_logiche.srcs/sources_1/new/project_reti_logiche.vhd:260]
WARNING: [Synth 8-614] signal 'MAXPixel' is read in the process but is not in the sensitivity list [C:/Repos/Progetto-Reti-Logiche-Maggioni-Fasanella/project_reti_logiche/project_reti_logiche.srcs/sources_1/new/project_reti_logiche.vhd:260]
WARNING: [Synth 8-614] signal 'flagMIN' is read in the process but is not in the sensitivity list [C:/Repos/Progetto-Reti-Logiche-Maggioni-Fasanella/project_reti_logiche/project_reti_logiche.srcs/sources_1/new/project_reti_logiche.vhd:260]
WARNING: [Synth 8-614] signal 'Pixel' is read in the process but is not in the sensitivity list [C:/Repos/Progetto-Reti-Logiche-Maggioni-Fasanella/project_reti_logiche/project_reti_logiche.srcs/sources_1/new/project_reti_logiche.vhd:260]
WARNING: [Synth 8-614] signal 'flagMAX' is read in the process but is not in the sensitivity list [C:/Repos/Progetto-Reti-Logiche-Maggioni-Fasanella/project_reti_logiche/project_reti_logiche.srcs/sources_1/new/project_reti_logiche.vhd:260]
WARNING: [Synth 8-614] signal 'o_f3r7' is read in the process but is not in the sensitivity list [C:/Repos/Progetto-Reti-Logiche-Maggioni-Fasanella/project_reti_logiche/project_reti_logiche.srcs/sources_1/new/project_reti_logiche.vhd:260]
WARNING: [Synth 8-614] signal 'o_f3r4' is read in the process but is not in the sensitivity list [C:/Repos/Progetto-Reti-Logiche-Maggioni-Fasanella/project_reti_logiche/project_reti_logiche.srcs/sources_1/new/project_reti_logiche.vhd:260]
WARNING: [Synth 8-614] signal 'o_f3r6' is read in the process but is not in the sensitivity list [C:/Repos/Progetto-Reti-Logiche-Maggioni-Fasanella/project_reti_logiche/project_reti_logiche.srcs/sources_1/new/project_reti_logiche.vhd:260]
INFO: [Synth 8-226] default block is never used [C:/Repos/Progetto-Reti-Logiche-Maggioni-Fasanella/project_reti_logiche/project_reti_logiche.srcs/sources_1/new/project_reti_logiche.vhd:529]
INFO: [Synth 8-256] done synthesizing module 'project_reti_logiche' (1#1) [C:/Repos/Progetto-Reti-Logiche-Maggioni-Fasanella/project_reti_logiche/project_reti_logiche.srcs/sources_1/new/project_reti_logiche.vhd:57]
---------------------------------------------------------------------------------
Finished RTL Elaboration : Time (s): cpu = 00:00:08 ; elapsed = 00:00:08 . Memory (MB): peak = 1018.305 ; gain = 0.000
---------------------------------------------------------------------------------
---------------------------------------------------------------------------------
Start Handling Custom Attributes
---------------------------------------------------------------------------------
---------------------------------------------------------------------------------
Finished Handling Custom Attributes : Time (s): cpu = 00:00:08 ; elapsed = 00:00:09 . Memory (MB): peak = 1018.305 ; gain = 0.000
---------------------------------------------------------------------------------
---------------------------------------------------------------------------------
Finished RTL Optimization Phase 1 : Time (s): cpu = 00:00:08 ; elapsed = 00:00:09 . Memory (MB): peak = 1018.305 ; gain = 0.000
---------------------------------------------------------------------------------
Netlist sorting complete. Time (s): cpu = 00:00:00 ; elapsed = 00:00:00.009 . Memory (MB): peak = 1018.305 ; gain = 0.000
INFO: [Project 1-570] Preparing netlist for logic optimization

Processing XDC Constraints
Initializing timing engine
Parsing XDC File [C:/Repos/Progetto-Reti-Logiche-Maggioni-Fasanella/project_reti_logiche/project_reti_logiche.srcs/constrs_1/new/clock.xdc]
Finished Parsing XDC File [C:/Repos/Progetto-Reti-Logiche-Maggioni-Fasanella/project_reti_logiche/project_reti_logiche.srcs/constrs_1/new/clock.xdc]
Completed Processing XDC Constraints

Netlist sorting complete. Time (s): cpu = 00:00:00 ; elapsed = 00:00:00 . Memory (MB): peak = 1126.434 ; gain = 0.000
INFO: [Project 1-111] Unisim Transformation Summary:
No Unisim elements were transformed.

Constraint Validation Runtime : Time (s): cpu = 00:00:00 ; elapsed = 00:00:00.008 . Memory (MB): peak = 1126.434 ; gain = 0.000
---------------------------------------------------------------------------------
Finished Constraint Validation : Time (s): cpu = 00:00:17 ; elapsed = 00:00:18 . Memory (MB): peak = 1126.434 ; gain = 108.129
---------------------------------------------------------------------------------
---------------------------------------------------------------------------------
Start Loading Part and Timing Information
---------------------------------------------------------------------------------
Loading part: xc7a200tfbg484-1
---------------------------------------------------------------------------------
Finished Loading Part and Timing Information : Time (s): cpu = 00:00:17 ; elapsed = 00:00:18 . Memory (MB): peak = 1126.434 ; gain = 108.129
---------------------------------------------------------------------------------
---------------------------------------------------------------------------------
Start Applying 'set_property' XDC Constraints
---------------------------------------------------------------------------------
---------------------------------------------------------------------------------
Finished applying 'set_property' XDC Constraints : Time (s): cpu = 00:00:17 ; elapsed = 00:00:18 . Memory (MB): peak = 1126.434 ; gain = 108.129
---------------------------------------------------------------------------------
WARNING: [Synth 8-327] inferring latch for variable 'o_address_reg' [C:/Repos/Progetto-Reti-Logiche-Maggioni-Fasanella/project_reti_logiche/project_reti_logiche.srcs/sources_1/new/project_reti_logiche.vhd:286]
WARNING: [Synth 8-327] inferring latch for variable 'o_done_reg' [C:/Repos/Progetto-Reti-Logiche-Maggioni-Fasanella/project_reti_logiche/project_reti_logiche.srcs/sources_1/new/project_reti_logiche.vhd:266]
WARNING: [Synth 8-327] inferring latch for variable 'o_en_reg' [C:/Repos/Progetto-Reti-Logiche-Maggioni-Fasanella/project_reti_logiche/project_reti_logiche.srcs/sources_1/new/project_reti_logiche.vhd:274]
WARNING: [Synth 8-327] inferring latch for variable 'o_we_reg' [C:/Repos/Progetto-Reti-Logiche-Maggioni-Fasanella/project_reti_logiche/project_reti_logiche.srcs/sources_1/new/project_reti_logiche.vhd:410]
WARNING: [Synth 8-327] inferring latch for variable 'o_data_reg' [C:/Repos/Progetto-Reti-Logiche-Maggioni-Fasanella/project_reti_logiche/project_reti_logiche.srcs/sources_1/new/project_reti_logiche.vhd:411]
WARNING: [Synth 8-327] inferring latch for variable 'REGAddr_reg' [C:/Repos/Progetto-Reti-Logiche-Maggioni-Fasanella/project_reti_logiche/project_reti_logiche.srcs/sources_1/new/project_reti_logiche.vhd:273]
WARNING: [Synth 8-327] inferring latch for variable 'M_reg' [C:/Repos/Progetto-Reti-Logiche-Maggioni-Fasanella/project_reti_logiche/project_reti_logiche.srcs/sources_1/new/project_reti_logiche.vhd:270]
WARNING: [Synth 8-327] inferring latch for variable 'start2_reg' [C:/Repos/Progetto-Reti-Logiche-Maggioni-Fasanella/project_reti_logiche/project_reti_logiche.srcs/sources_1/new/project_reti_logiche.vhd:345]
WARNING: [Synth 8-327] inferring latch for variable 'maxaddress_reg' [C:/Repos/Progetto-Reti-Logiche-Maggioni-Fasanella/project_reti_logiche/project_reti_logiche.srcs/sources_1/new/project_reti_logiche.vhd:277]
WARNING: [Synth 8-327] inferring latch for variable 'minV_reg' [C:/Repos/Progetto-Reti-Logiche-Maggioni-Fasanella/project_reti_logiche/project_reti_logiche.srcs/sources_1/new/project_reti_logiche.vhd:271]
WARNING: [Synth 8-327] inferring latch for variable 'OP1_reg' [C:/Repos/Progetto-Reti-Logiche-Maggioni-Fasanella/project_reti_logiche/project_reti_logiche.srcs/sources_1/new/project_reti_logiche.vhd:300]
WARNING: [Synth 8-327] inferring latch for variable 'OP2_reg' [C:/Repos/Progetto-Reti-Logiche-Maggioni-Fasanella/project_reti_logiche/project_reti_logiche.srcs/sources_1/new/project_reti_logiche.vhd:302]
WARNING: [Synth 8-327] inferring latch for variable 'MINPixel_reg' [C:/Repos/Progetto-Reti-Logiche-Maggioni-Fasanella/project_reti_logiche/project_reti_logiche.srcs/sources_1/new/project_reti_logiche.vhd:271]
WARNING: [Synth 8-327] inferring latch for variable 'delta_reg' [C:/Repos/Progetto-Reti-Logiche-Maggioni-Fasanella/project_reti_logiche/project_reti_logiche.srcs/sources_1/new/project_reti_logiche.vhd:344]
WARNING: [Synth 8-327] inferring latch for variable 'Pixel_reg' [C:/Repos/Progetto-Reti-Logiche-Maggioni-Fasanella/project_reti_logiche/project_reti_logiche.srcs/sources_1/new/project_reti_logiche.vhd:287]
WARNING: [Synth 8-327] inferring latch for variable 'MAXPixel_reg' [C:/Repos/Progetto-Reti-Logiche-Maggioni-Fasanella/project_reti_logiche/project_reti_logiche.srcs/sources_1/new/project_reti_logiche.vhd:276]
---------------------------------------------------------------------------------
Finished RTL Optimization Phase 2 : Time (s): cpu = 00:00:18 ; elapsed = 00:00:18 . Memory (MB): peak = 1126.434 ; gain = 108.129
---------------------------------------------------------------------------------
---------------------------------------------------------------------------------
Start RTL Component Statistics 
---------------------------------------------------------------------------------
Detailed RTL Component Info : 
+---Adders : 
	   2 Input   16 Bit       Adders := 5     
	   3 Input    8 Bit       Adders := 2     
	   2 Input    4 Bit       Adders := 1     
+---Registers : 
	               16 Bit    Registers := 1     
	                8 Bit    Registers := 4     
	                4 Bit    Registers := 4     
	                3 Bit    Registers := 1     
+---Muxes : 
	  10 Input   16 Bit        Muxes := 4     
	   4 Input   16 Bit        Muxes := 1     
	   2 Input    8 Bit        Muxes := 3     
	  10 Input    8 Bit        Muxes := 2     
	  15 Input    4 Bit        Muxes := 1     
	   2 Input    4 Bit        Muxes := 1     
	 256 Input    4 Bit        Muxes := 1     
	   9 Input    3 Bit        Muxes := 1     
	  14 Input    2 Bit        Muxes := 1     
	   8 Input    1 Bit        Muxes := 4     
	  21 Input    1 Bit        Muxes := 1     
	  14 Input    1 Bit        Muxes := 9     
	  10 Input    1 Bit        Muxes := 15    
---------------------------------------------------------------------------------
Finished RTL Component Statistics 
---------------------------------------------------------------------------------
---------------------------------------------------------------------------------
Start Part Resource Summary
---------------------------------------------------------------------------------
Part Resources:
DSPs: 740 (col length:100)
BRAMs: 730 (col length: RAMB18 100 RAMB36 50)
---------------------------------------------------------------------------------
Finished Part Resource Summary
---------------------------------------------------------------------------------
---------------------------------------------------------------------------------
Start Cross Boundary and Area Optimization
---------------------------------------------------------------------------------
---------------------------------------------------------------------------------
Finished Cross Boundary and Area Optimization : Time (s): cpu = 00:00:21 ; elapsed = 00:00:22 . Memory (MB): peak = 1126.434 ; gain = 108.129
---------------------------------------------------------------------------------
---------------------------------------------------------------------------------
Start Applying XDC Timing Constraints
---------------------------------------------------------------------------------
---------------------------------------------------------------------------------
Finished Applying XDC Timing Constraints : Time (s): cpu = 00:00:29 ; elapsed = 00:00:30 . Memory (MB): peak = 1126.434 ; gain = 108.129
---------------------------------------------------------------------------------
---------------------------------------------------------------------------------
Start Timing Optimization
---------------------------------------------------------------------------------
---------------------------------------------------------------------------------
Finished Timing Optimization : Time (s): cpu = 00:00:30 ; elapsed = 00:00:31 . Memory (MB): peak = 1126.434 ; gain = 108.129
---------------------------------------------------------------------------------
---------------------------------------------------------------------------------
Start Technology Mapping
---------------------------------------------------------------------------------
INFO: [Synth 8-4765] Removing register instance (\o_f2r1_reg[7]__0 ) from module (project_reti_logiche) as it is equivalent to (\o_f2r1_reg[7] ) and driving same net [C:/Repos/Progetto-Reti-Logiche-Maggioni-Fasanella/project_reti_logiche/project_reti_logiche.srcs/sources_1/new/project_reti_logiche.vhd:446]
INFO: [Synth 8-4765] Removing register instance (\o_f2r1_reg[6]__0 ) from module (project_reti_logiche) as it is equivalent to (\o_f2r1_reg[6] ) and driving same net [C:/Repos/Progetto-Reti-Logiche-Maggioni-Fasanella/project_reti_logiche/project_reti_logiche.srcs/sources_1/new/project_reti_logiche.vhd:446]
INFO: [Synth 8-4765] Removing register instance (\o_f2r1_reg[5]__0 ) from module (project_reti_logiche) as it is equivalent to (\o_f2r1_reg[5] ) and driving same net [C:/Repos/Progetto-Reti-Logiche-Maggioni-Fasanella/project_reti_logiche/project_reti_logiche.srcs/sources_1/new/project_reti_logiche.vhd:446]
INFO: [Synth 8-4765] Removing register instance (\o_f2r1_reg[4]__0 ) from module (project_reti_logiche) as it is equivalent to (\o_f2r1_reg[4] ) and driving same net [C:/Repos/Progetto-Reti-Logiche-Maggioni-Fasanella/project_reti_logiche/project_reti_logiche.srcs/sources_1/new/project_reti_logiche.vhd:446]
INFO: [Synth 8-4765] Removing register instance (\o_f2r1_reg[3]__0 ) from module (project_reti_logiche) as it is equivalent to (\o_f2r1_reg[3] ) and driving same net [C:/Repos/Progetto-Reti-Logiche-Maggioni-Fasanella/project_reti_logiche/project_reti_logiche.srcs/sources_1/new/project_reti_logiche.vhd:446]
INFO: [Synth 8-4765] Removing register instance (\o_f2r1_reg[2]__0 ) from module (project_reti_logiche) as it is equivalent to (\o_f2r1_reg[2] ) and driving same net [C:/Repos/Progetto-Reti-Logiche-Maggioni-Fasanella/project_reti_logiche/project_reti_logiche.srcs/sources_1/new/project_reti_logiche.vhd:446]
INFO: [Synth 8-4765] Removing register instance (\o_f2r1_reg[1]__0 ) from module (project_reti_logiche) as it is equivalent to (\o_f2r1_reg[1] ) and driving same net [C:/Repos/Progetto-Reti-Logiche-Maggioni-Fasanella/project_reti_logiche/project_reti_logiche.srcs/sources_1/new/project_reti_logiche.vhd:446]
INFO: [Synth 8-4765] Removing register instance (\o_f2r1_reg[0]__0 ) from module (project_reti_logiche) as it is equivalent to (\o_f2r1_reg[0] ) and driving same net [C:/Repos/Progetto-Reti-Logiche-Maggioni-Fasanella/project_reti_logiche/project_reti_logiche.srcs/sources_1/new/project_reti_logiche.vhd:446]
---------------------------------------------------------------------------------
Finished Technology Mapping : Time (s): cpu = 00:00:30 ; elapsed = 00:00:31 . Memory (MB): peak = 1128.168 ; gain = 109.863
---------------------------------------------------------------------------------
---------------------------------------------------------------------------------
Start IO Insertion
---------------------------------------------------------------------------------
---------------------------------------------------------------------------------
Start Flattening Before IO Insertion
---------------------------------------------------------------------------------
---------------------------------------------------------------------------------
Finished Flattening Before IO Insertion
---------------------------------------------------------------------------------
---------------------------------------------------------------------------------
Start Final Netlist Cleanup
---------------------------------------------------------------------------------
---------------------------------------------------------------------------------
Finished Final Netlist Cleanup
---------------------------------------------------------------------------------
---------------------------------------------------------------------------------
Finished IO Insertion : Time (s): cpu = 00:00:35 ; elapsed = 00:00:36 . Memory (MB): peak = 1128.168 ; gain = 109.863
---------------------------------------------------------------------------------
---------------------------------------------------------------------------------
Start Renaming Generated Instances
---------------------------------------------------------------------------------
---------------------------------------------------------------------------------
Finished Renaming Generated Instances : Time (s): cpu = 00:00:35 ; elapsed = 00:00:36 . Memory (MB): peak = 1128.168 ; gain = 109.863
---------------------------------------------------------------------------------
---------------------------------------------------------------------------------
Start Rebuilding User Hierarchy
---------------------------------------------------------------------------------
---------------------------------------------------------------------------------
Finished Rebuilding User Hierarchy : Time (s): cpu = 00:00:35 ; elapsed = 00:00:36 . Memory (MB): peak = 1128.168 ; gain = 109.863
---------------------------------------------------------------------------------
---------------------------------------------------------------------------------
Start Renaming Generated Ports
---------------------------------------------------------------------------------
---------------------------------------------------------------------------------
Finished Renaming Generated Ports : Time (s): cpu = 00:00:35 ; elapsed = 00:00:36 . Memory (MB): peak = 1128.168 ; gain = 109.863
---------------------------------------------------------------------------------
---------------------------------------------------------------------------------
Start Handling Custom Attributes
---------------------------------------------------------------------------------
---------------------------------------------------------------------------------
Finished Handling Custom Attributes : Time (s): cpu = 00:00:35 ; elapsed = 00:00:36 . Memory (MB): peak = 1128.168 ; gain = 109.863
---------------------------------------------------------------------------------
---------------------------------------------------------------------------------
Start Renaming Generated Nets
---------------------------------------------------------------------------------
---------------------------------------------------------------------------------
Finished Renaming Generated Nets : Time (s): cpu = 00:00:35 ; elapsed = 00:00:36 . Memory (MB): peak = 1128.168 ; gain = 109.863
---------------------------------------------------------------------------------
---------------------------------------------------------------------------------
Start Writing Synthesis Report
---------------------------------------------------------------------------------

Report BlackBoxes: 
+-+--------------+----------+
| |BlackBox name |Instances |
+-+--------------+----------+
+-+--------------+----------+

Report Cell Usage: 
+------+-------+------+
|      |Cell   |Count |
+------+-------+------+
|1     |BUFG   |     1|
|2     |CARRY4 |    45|
|3     |LUT1   |     8|
|4     |LUT2   |   108|
|5     |LUT3   |    32|
|6     |LUT4   |   102|
|7     |LUT5   |    30|
|8     |LUT6   |    77|
|9     |MUXF7  |    15|
|10    |FDCE   |    87|
|11    |FDRE   |     4|
|12    |LD     |   131|
|13    |IBUF   |    11|
|14    |OBUF   |    27|
+------+-------+------+
---------------------------------------------------------------------------------
Finished Writing Synthesis Report : Time (s): cpu = 00:00:35 ; elapsed = 00:00:36 . Memory (MB): peak = 1128.168 ; gain = 109.863
---------------------------------------------------------------------------------
Synthesis finished with 0 errors, 0 critical warnings and 16 warnings.
Synthesis Optimization Runtime : Time (s): cpu = 00:00:23 ; elapsed = 00:00:33 . Memory (MB): peak = 1128.168 ; gain = 1.734
Synthesis Optimization Complete : Time (s): cpu = 00:00:35 ; elapsed = 00:00:36 . Memory (MB): peak = 1128.168 ; gain = 109.863
INFO: [Project 1-571] Translating synthesized netlist
Netlist sorting complete. Time (s): cpu = 00:00:00 ; elapsed = 00:00:00.009 . Memory (MB): peak = 1135.984 ; gain = 0.000
INFO: [Netlist 29-17] Analyzing 191 Unisim elements for replacement
INFO: [Netlist 29-28] Unisim Transformation completed in 0 CPU seconds
INFO: [Project 1-570] Preparing netlist for logic optimization
INFO: [Opt 31-138] Pushed 0 inverter(s) to 0 load pin(s).
Netlist sorting complete. Time (s): cpu = 00:00:00 ; elapsed = 00:00:00 . Memory (MB): peak = 1135.984 ; gain = 0.000
INFO: [Project 1-111] Unisim Transformation Summary:
  A total of 131 instances were transformed.
  LD => LDCE: 131 instances

INFO: [Common 17-83] Releasing license: Synthesis
25 Infos, 33 Warnings, 0 Critical Warnings and 0 Errors encountered.
synth_design completed successfully
synth_design: Time (s): cpu = 00:00:43 ; elapsed = 00:00:45 . Memory (MB): peak = 1135.984 ; gain = 117.680
INFO: [Common 17-1381] The checkpoint 'C:/Repos/Progetto-Reti-Logiche-Maggioni-Fasanella/project_reti_logiche/project_reti_logiche.runs/synth_1/project_reti_logiche.dcp' has been generated.
INFO: [runtcl-4] Executing : report_utilization -file project_reti_logiche_utilization_synth.rpt -pb project_reti_logiche_utilization_synth.pb
INFO: [Common 17-206] Exiting Vivado at Wed Mar  3 17:18:55 2021...
